<?xml version="1.0" encoding="UTF-8"?>
<testng-results ignored="32" total="36" passed="3" failed="1" skipped="0">
  <reporter-output>
  </reporter-output>
  <suite started-at="2021-05-24T02:36:56Z" name="LoginModule" finished-at="2021-05-24T02:39:11Z" duration-ms="135142">
    <groups>
    </groups>
    <test started-at="2021-05-24T02:36:56Z" name="LoginTESTon Chrome" finished-at="2021-05-24T02:39:11Z" duration-ms="135142">
      <class name="testcasesNG.LeadTab_TestCases">
        <test-method is-config="true" signature="CreateReport(java.lang.reflect.Method)[pri:0, instance:testcasesNG.LeadTab_TestCases@2aa3cd93]" started-at="2021-05-23T19:36:56Z" name="CreateReport" finished-at="2021-05-23T19:36:56Z" duration-ms="10" status="PASS">
          <params>
            <param index="0">
              <value>
                <![CDATA[public void testcasesNG.LeadTab_TestCases.LeadTab(java.lang.String) throws java.io.IOException,java.lang.InterruptedException]]>
              </value>
            </param>
          </params>
          <reporter-output>
          </reporter-output>
        </test-method> <!-- CreateReport -->
        <test-method signature="LeadTab(java.lang.String)[pri:1, instance:testcasesNG.LeadTab_TestCases@2aa3cd93]" started-at="2021-05-23T19:36:56Z" name="LeadTab" finished-at="2021-05-23T19:37:24Z" duration-ms="28087" status="PASS">
          <params>
            <param index="0">
              <value>
                <![CDATA[chrome]]>
              </value>
            </param>
          </params>
          <reporter-output>
          </reporter-output>
        </test-method> <!-- LeadTab -->
        <test-method is-config="true" signature="CloseReport()[pri:0, instance:testcasesNG.LeadTab_TestCases@2aa3cd93]" started-at="2021-05-23T19:37:24Z" name="CloseReport" finished-at="2021-05-23T19:37:28Z" duration-ms="4123" status="PASS">
          <reporter-output>
          </reporter-output>
        </test-method> <!-- CloseReport -->
        <test-method signature="LeadTab_02(java.lang.String)[pri:2, instance:testcasesNG.LeadTab_TestCases@2aa3cd93]" started-at="2021-05-23T19:37:28Z" name="LeadTab_02" finished-at="2021-05-23T19:37:56Z" duration-ms="28692" status="PASS">
          <params>
            <param index="0">
              <value>
                <![CDATA[chrome]]>
              </value>
            </param>
          </params>
          <reporter-output>
          </reporter-output>
        </test-method> <!-- LeadTab_02 -->
        <test-method is-config="true" signature="CreateReport(java.lang.reflect.Method)[pri:0, instance:testcasesNG.LeadTab_TestCases@2aa3cd93]" started-at="2021-05-23T19:37:28Z" name="CreateReport" finished-at="2021-05-23T19:37:28Z" duration-ms="0" status="PASS">
          <params>
            <param index="0">
              <value>
                <![CDATA[public void testcasesNG.LeadTab_TestCases.LeadTab_02(java.lang.String) throws java.io.IOException,java.lang.InterruptedException]]>
              </value>
            </param>
          </params>
          <reporter-output>
          </reporter-output>
        </test-method> <!-- CreateReport -->
        <test-method is-config="true" signature="CloseReport()[pri:0, instance:testcasesNG.LeadTab_TestCases@2aa3cd93]" started-at="2021-05-23T19:37:56Z" name="CloseReport" finished-at="2021-05-23T19:38:01Z" duration-ms="4208" status="PASS">
          <reporter-output>
          </reporter-output>
        </test-method> <!-- CloseReport -->
        <test-method is-config="true" signature="CreateReport(java.lang.reflect.Method)[pri:0, instance:testcasesNG.LeadTab_TestCases@2aa3cd93]" started-at="2021-05-23T19:38:01Z" name="CreateReport" finished-at="2021-05-23T19:38:01Z" duration-ms="0" status="PASS">
          <params>
            <param index="0">
              <value>
                <![CDATA[public void testcasesNG.LeadTab_TestCases.LeadTab_03(java.lang.String) throws java.io.IOException,java.lang.InterruptedException]]>
              </value>
            </param>
          </params>
          <reporter-output>
          </reporter-output>
        </test-method> <!-- CreateReport -->
        <test-method signature="LeadTab_03(java.lang.String)[pri:3, instance:testcasesNG.LeadTab_TestCases@2aa3cd93]" started-at="2021-05-23T19:38:01Z" name="LeadTab_03" finished-at="2021-05-23T19:38:37Z" duration-ms="36220" status="FAIL">
          <params>
            <param index="0">
              <value>
                <![CDATA[chrome]]>
              </value>
            </param>
          </params>
          <exception class="org.openqa.selenium.NoSuchElementException">
            <message>
              <![CDATA[no such element: Unable to locate element: {"method":"xpath","selector":"/html/body/div[1]/div[1]/div/div/nav/ul/li[5]/a"}
  (Session info: chrome=90.0.4430.212)
For documentation on this error, please visit: https://www.seleniumhq.org/exceptions/no_such_element.html
Build info: version: '3.141.59', revision: 'e82be7d358', time: '2018-11-14T08:17:03'
System info: host: 'Mahams-MacBook-Air.local', ip: '2601:641:400:7b20:50e:f111:877e:1e1e%en0', os.name: 'Mac OS X', os.arch: 'x86_64', os.version: '10.16', java.version: '15.0.2'
Driver info: org.openqa.selenium.chrome.ChromeDriver
Capabilities {acceptInsecureCerts: false, browserName: chrome, browserVersion: 90.0.4430.212, chrome: {chromedriverVersion: 90.0.4430.24 (4c6d850f087da..., userDataDir: /var/folders/sp/rvfpvynn38x...}, goog:chromeOptions: {debuggerAddress: localhost:52599}, javascriptEnabled: true, networkConnectionEnabled: false, pageLoadStrategy: normal, platform: MAC, platformName: MAC, proxy: Proxy(), setWindowRect: true, strictFileInteractability: false, timeouts: {implicit: 0, pageLoad: 300000, script: 30000}, unhandledPromptBehavior: dismiss and notify, webauthn:extension:largeBlob: true, webauthn:virtualAuthenticators: true}
Session ID: 9f47cd98805706eccaa4d9d93e80dca7
*** Element info: {Using=xpath, value=/html/body/div[1]/div[1]/div/div/nav/ul/li[5]/a}]]>
            </message>
            <full-stacktrace>
              <![CDATA[org.openqa.selenium.NoSuchElementException: no such element: Unable to locate element: {"method":"xpath","selector":"/html/body/div[1]/div[1]/div/div/nav/ul/li[5]/a"}
  (Session info: chrome=90.0.4430.212)
For documentation on this error, please visit: https://www.seleniumhq.org/exceptions/no_such_element.html
Build info: version: '3.141.59', revision: 'e82be7d358', time: '2018-11-14T08:17:03'
System info: host: 'Mahams-MacBook-Air.local', ip: '2601:641:400:7b20:50e:f111:877e:1e1e%en0', os.name: 'Mac OS X', os.arch: 'x86_64', os.version: '10.16', java.version: '15.0.2'
Driver info: org.openqa.selenium.chrome.ChromeDriver
Capabilities {acceptInsecureCerts: false, browserName: chrome, browserVersion: 90.0.4430.212, chrome: {chromedriverVersion: 90.0.4430.24 (4c6d850f087da..., userDataDir: /var/folders/sp/rvfpvynn38x...}, goog:chromeOptions: {debuggerAddress: localhost:52599}, javascriptEnabled: true, networkConnectionEnabled: false, pageLoadStrategy: normal, platform: MAC, platformName: MAC, proxy: Proxy(), setWindowRect: true, strictFileInteractability: false, timeouts: {implicit: 0, pageLoad: 300000, script: 30000}, unhandledPromptBehavior: dismiss and notify, webauthn:extension:largeBlob: true, webauthn:virtualAuthenticators: true}
Session ID: 9f47cd98805706eccaa4d9d93e80dca7
*** Element info: {Using=xpath, value=/html/body/div[1]/div[1]/div/div/nav/ul/li[5]/a}
	at java.base/jdk.internal.reflect.NativeConstructorAccessorImpl.newInstance0(Native Method)
	at java.base/jdk.internal.reflect.NativeConstructorAccessorImpl.newInstance(NativeConstructorAccessorImpl.java:64)
	at java.base/jdk.internal.reflect.DelegatingConstructorAccessorImpl.newInstance(DelegatingConstructorAccessorImpl.java:45)
	at java.base/java.lang.reflect.Constructor.newInstanceWithCaller(Constructor.java:500)
	at java.base/java.lang.reflect.Constructor.newInstance(Constructor.java:481)
	at org.openqa.selenium.remote.http.W3CHttpResponseCodec.createException(W3CHttpResponseCodec.java:187)
	at org.openqa.selenium.remote.http.W3CHttpResponseCodec.decode(W3CHttpResponseCodec.java:122)
	at org.openqa.selenium.remote.http.W3CHttpResponseCodec.decode(W3CHttpResponseCodec.java:49)
	at org.openqa.selenium.remote.HttpCommandExecutor.execute(HttpCommandExecutor.java:158)
	at org.openqa.selenium.remote.service.DriverCommandExecutor.execute(DriverCommandExecutor.java:83)
	at org.openqa.selenium.remote.RemoteWebDriver.execute(RemoteWebDriver.java:552)
	at org.openqa.selenium.remote.RemoteWebDriver.findElement(RemoteWebDriver.java:323)
	at org.openqa.selenium.remote.RemoteWebDriver.findElementByXPath(RemoteWebDriver.java:428)
	at org.openqa.selenium.By$ByXPath.findElement(By.java:353)
	at org.openqa.selenium.remote.RemoteWebDriver.findElement(RemoteWebDriver.java:315)
	at org.openqa.selenium.support.pagefactory.DefaultElementLocator.findElement(DefaultElementLocator.java:69)
	at org.openqa.selenium.support.pagefactory.internal.LocatingElementHandler.invoke(LocatingElementHandler.java:38)
	at com.sun.proxy.$Proxy14.click(Unknown Source)
	at testcasesNG.LeadTab_TestCases.LeadTab_03(LeadTab_TestCases.java:210)
	at java.base/jdk.internal.reflect.NativeMethodAccessorImpl.invoke0(Native Method)
	at java.base/jdk.internal.reflect.NativeMethodAccessorImpl.invoke(NativeMethodAccessorImpl.java:64)
	at java.base/jdk.internal.reflect.DelegatingMethodAccessorImpl.invoke(DelegatingMethodAccessorImpl.java:43)
	at java.base/java.lang.reflect.Method.invoke(Method.java:564)
	at org.testng.internal.MethodInvocationHelper.invokeMethod(MethodInvocationHelper.java:104)
	at org.testng.internal.Invoker.invokeMethod(Invoker.java:645)
	at org.testng.internal.Invoker.invokeTestMethod(Invoker.java:851)
	at org.testng.internal.Invoker.invokeTestMethods(Invoker.java:1177)
	at org.testng.internal.TestMethodWorker.invokeTestMethods(TestMethodWorker.java:129)
	at org.testng.internal.TestMethodWorker.run(TestMethodWorker.java:112)
	at org.testng.TestRunner.privateRun(TestRunner.java:756)
	at org.testng.TestRunner.run(TestRunner.java:610)
	at org.testng.SuiteRunner.runTest(SuiteRunner.java:387)
	at org.testng.SuiteRunner.runSequentially(SuiteRunner.java:382)
	at org.testng.SuiteRunner.privateRun(SuiteRunner.java:340)
	at org.testng.SuiteRunner.run(SuiteRunner.java:289)
	at org.testng.SuiteRunnerWorker.runSuite(SuiteRunnerWorker.java:52)
	at org.testng.SuiteRunnerWorker.run(SuiteRunnerWorker.java:86)
	at org.testng.TestNG.runSuitesSequentially(TestNG.java:1293)
	at org.testng.TestNG.runSuitesLocally(TestNG.java:1218)
	at org.testng.TestNG.runSuites(TestNG.java:1133)
	at org.testng.TestNG.run(TestNG.java:1104)
	at org.testng.remote.AbstractRemoteTestNG.run(AbstractRemoteTestNG.java:115)
	at org.testng.remote.RemoteTestNG.initAndRun(RemoteTestNG.java:251)
	at org.testng.remote.RemoteTestNG.main(RemoteTestNG.java:77)
]]>
            </full-stacktrace>
          </exception> <!-- org.openqa.selenium.NoSuchElementException -->
          <reporter-output>
          </reporter-output>
        </test-method> <!-- LeadTab_03 -->
        <test-method is-config="true" signature="CloseReport()[pri:0, instance:testcasesNG.LeadTab_TestCases@2aa3cd93]" started-at="2021-05-23T19:38:37Z" name="CloseReport" finished-at="2021-05-23T19:38:41Z" duration-ms="4215" status="PASS">
          <reporter-output>
          </reporter-output>
        </test-method> <!-- CloseReport -->
        <test-method is-config="true" signature="CreateReport(java.lang.reflect.Method)[pri:0, instance:testcasesNG.LeadTab_TestCases@2aa3cd93]" started-at="2021-05-23T19:38:41Z" name="CreateReport" finished-at="2021-05-23T19:38:41Z" duration-ms="1" status="PASS">
          <params>
            <param index="0">
              <value>
                <![CDATA[public void testcasesNG.LeadTab_TestCases.LeadTab_04(java.lang.String) throws java.io.IOException,java.lang.InterruptedException]]>
              </value>
            </param>
          </params>
          <reporter-output>
          </reporter-output>
        </test-method> <!-- CreateReport -->
        <test-method signature="LeadTab_04(java.lang.String)[pri:4, instance:testcasesNG.LeadTab_TestCases@2aa3cd93]" started-at="2021-05-23T19:38:41Z" name="LeadTab_04" finished-at="2021-05-23T19:39:06Z" duration-ms="25275" status="PASS">
          <params>
            <param index="0">
              <value>
                <![CDATA[chrome]]>
              </value>
            </param>
          </params>
          <reporter-output>
          </reporter-output>
        </test-method> <!-- LeadTab_04 -->
        <test-method is-config="true" signature="CloseReport()[pri:0, instance:testcasesNG.LeadTab_TestCases@2aa3cd93]" started-at="2021-05-23T19:39:06Z" name="CloseReport" finished-at="2021-05-23T19:39:11Z" duration-ms="4254" status="PASS">
          <reporter-output>
          </reporter-output>
        </test-method> <!-- CloseReport -->
      </class> <!-- testcasesNG.LeadTab_TestCases -->
      <class name="testcasesNG.Login_TestCases">
        <test-method is-config="true" signature="Setup()[pri:0, instance:testcasesNG.Login_TestCases@7ff95560]" started-at="2021-05-23T19:36:55Z" name="Setup" finished-at="2021-05-23T19:36:56Z" duration-ms="326" status="PASS">
          <reporter-output>
          </reporter-output>
        </test-method> <!-- Setup -->
        <test-method is-config="true" signature="tearDown()[pri:0, instance:testcasesNG.Login_TestCases@7ff95560]" started-at="2021-05-23T19:39:11Z" name="tearDown" finished-at="2021-05-23T19:39:12Z" duration-ms="769" status="PASS">
          <reporter-output>
          </reporter-output>
        </test-method> <!-- tearDown -->
      </class> <!-- testcasesNG.Login_TestCases -->
    </test> <!-- LoginTESTon Chrome -->
  </suite> <!-- LoginModule -->
</testng-results>
